<?xml version="1.0" encoding="UTF-8"?>
<!-- Generated by org.testng.reporters.JUnitReportReporter -->
<testsuite hostname="DESKTOP-LHVDPIO" failures="0" tests="1" name="TestNG.TestNG_Intro" time="10.451" errors="0" timestamp="2023-02-23T12:03:01 PST" skipped="0">
  <testcase classname="TestNG.TestNG_Intro" name="scDemo" time="10.451"/>
  <system-out/>
</testsuite> <!-- TestNG.TestNG_Intro -->
