<?xml version="1.0" encoding="UTF-8"?>
<!-- Generated by org.testng.reporters.JUnitReportReporter -->
<testsuite hostname="DESKTOP-LHVDPIO" failures="0" tests="2" name="TestNG.FacebookTestNG" time="6.286" errors="0" timestamp="2023-02-27T14:12:54 PST" skipped="0">
  <testcase classname="TestNG.FacebookTestNG" name="test" time="5.456"/>
  <system-out/>
  <testcase classname="TestNG.FacebookTestNG" name="test1" time="0.830"/>
  <system-out/>
</testsuite> <!-- TestNG.FacebookTestNG -->
